Using pre-set license
Built from '2020.2/staging' branch; Version is '2020.2.0b5 (e2067236bd5c) revision 14812786'; Using compiler version '192528614'; Build Type 'Release'
OS: 'Windows 10  (10.0.0) 64bit' Language: 'fr' Physical Memory: 12233 MB
BatchMode: 1, IsHumanControllingUs: 0, StartBugReporterOnCrash: 0, Is64bit: 1, IsPro: 0

 COMMAND LINE ARGUMENTS:
F:\Unity\Unity Editor\2020.2.0b5\Editor\Unity.exe
-adb2
-batchMode
-noUpm
-name
AssetImportWorker1
-projectPath
C:/Projects/Pro/Test technique/8SEC - Subway Surfer Race/8SEC---Subway-surfer/8SEC - Subway surfer race
-logFile
Logs/AssetImportWorker1.log
-srvPort
60672
Successfully changed project path to: C:/Projects/Pro/Test technique/8SEC - Subway Surfer Race/8SEC---Subway-surfer/8SEC - Subway surfer race
C:/Projects/Pro/Test technique/8SEC - Subway Surfer Race/8SEC---Subway-surfer/8SEC - Subway surfer race
Using Asset Import Pipeline V2.
Refreshing native plugins compatible for Editor in 117.67 ms, found 0 plugins.
Preloading 0 native plugins for Editor in 0.00 ms.
Initialize engine version: 2020.2.0b5 (e2067236bd5c)
[Subsystems] Discovering subsystems at path F:/Unity/Unity Editor/2020.2.0b5/Editor/Data/Resources/UnitySubsystems
[Subsystems] Discovering subsystems at path C:/Projects/Pro/Test technique/8SEC - Subway Surfer Race/8SEC---Subway-surfer/8SEC - Subway surfer race/Assets
GfxDevice: creating device client; threaded=0
Direct3D:
    Version:  Direct3D 11.0 [level 11.0]
    Renderer: NVIDIA GeForce GTX 770 (ID=0x1184)
    Vendor:   
    VRAM:     2007 MB
    Driver:   26.21.14.3200
Initialize mono
Mono path[0] = 'F:/Unity/Unity Editor/2020.2.0b5/Editor/Data/Managed'
Mono path[1] = 'F:/Unity/Unity Editor/2020.2.0b5/Editor/Data/MonoBleedingEdge/lib/mono/unityjit'
Mono config path = 'F:/Unity/Unity Editor/2020.2.0b5/Editor/Data/MonoBleedingEdge/etc'
Using monoOptions --debugger-agent=transport=dt_socket,embedding=1,server=y,suspend=n,address=127.0.0.1:56576
Begin MonoManager ReloadAssembly
Registering precompiled unity dll's ...
Register platform support module: F:/Unity/Unity Editor/2020.2.0b5/Editor/Data/PlaybackEngines/WindowsStandaloneSupport/UnityEditor.WindowsStandalone.Extensions.dll
Registered in 0.001757 seconds.
Native extension for WindowsStandalone target not found
Refreshing native plugins compatible for Editor in 136.49 ms, found 0 plugins.
Preloading 0 native plugins for Editor in 0.00 ms.
Invoked RoslynAnalysisRunner static constructor.
RoslynAnalysisRunner will not be running.
RoslynAnalysisRunner has terminated.
Mono: successfully reloaded assembly
- Completed reload, in  7.333 seconds
Platform modules already initialized, skipping
Registering precompiled user dll's ...
Registered in 0.008726 seconds.
